<?xml version="1.0" encoding="UTF-8"?>
<testsuite name="net.serenity.bdd.junit.cucumber.Runner" time="0.659" tests="14" errors="4" skipped="4" failures="0">
  <properties>
[...]
</properties>
  <testcase name="Given User navigate to Bug Tracker App Login Page" classname="Scenario: Admin Add A new User" time="0.004"/>
  <testcase name="When User Sing In to Bug tracker with Valid Credentials" classname="Scenario: Admin Add A new User" time="0.061">
    <error message="Timed out after 50 seconds. Element not found&#10;For documentation on this error, please visit: http://seleniumhq.org/exceptions/no_such_element.html&#10;Build info: version: &apos;2.53.0&apos;, revision: &apos;35ae25b1534ae328c771e0856c93e187490ca824&apos;, time: &apos;2016-03-15 10:43:46&apos;&#10;System info: host: &apos;SHAJIB&apos;, ip: &apos;192.168.160.2&apos;, os.name: &apos;Windows 10&apos;, os.arch: &apos;amd64&apos;, os.version: &apos;10.0&apos;, java.version: &apos;1.8.0_121&apos;&#10;Driver info: driver.version: unknown" type="org.openqa.selenium.NoSuchElementException">org.openqa.selenium.NoSuchElementException: Timed out after 50 seconds. Element not found
For documentation on this error, please visit: http://seleniumhq.org/exceptions/no_such_element.html
Build info: version: '2.53.0', revision: '35ae25b1534ae328c771e0856c93e187490ca824', time: '2016-03-15 10:43:46'
System info: host: 'SHAJIB', ip: '192.168.160.2', os.name: 'Windows 10', os.arch: 'amd64', os.version: '10.0', java.version: '1.8.0_121'
Driver info: driver.version: unknown
	at net.thucydides.core.annotations.locators.SmartAjaxElementLocator.ajaxFindElement(SmartAjaxElementLocator.java:145)
	at net.thucydides.core.annotations.locators.SmartAjaxElementLocator.findElement(SmartAjaxElementLocator.java:93)
	at net.serenitybdd.core.pages.WebElementFacadeImpl.getElement(WebElementFacadeImpl.java:144)
	at net.serenitybdd.core.pages.WebElementFacadeImpl.sendKeys(WebElementFacadeImpl.java:1040)
	at sun.reflect.NativeMethodAccessorImpl.invoke0(Native Method)
	at sun.reflect.NativeMethodAccessorImpl.invoke(NativeMethodAccessorImpl.java:62)
	at sun.reflect.DelegatingMethodAccessorImpl.invoke(DelegatingMethodAccessorImpl.java:43)
	at java.lang.reflect.Method.invoke(Method.java:498)
	at net.thucydides.core.annotations.locators.AbstractSingleItemHandler.invoke(AbstractSingleItemHandler.java:45)
	at com.sun.proxy.$Proxy28.sendKeys(Unknown Source)
	at net.serenity.bdd.junit.cucumber.pages.BugTrackerLogInPage.performLogIn(BugTrackerLogInPage.java:36)
	at net.serenity.bdd.junit.cucumber.stepDef.BugTrackerStepDef.user_Sing_In_to_Bug_tracker_with_Valid_Credentials(BugTrackerStepDef.java:22)
	at ✽.When User Sing In to Bug tracker with Valid Credentials(BugTrackerApp/ApExBugTracker.feature:4)
</error>
  </testcase>
  <testcase name="Scenario: Admin Add A new User" classname="Scenario: Admin Add A new User" time="0.061">
    <error message="Timed out after 50 seconds. Element not found&#10;For documentation on this error, please visit: http://seleniumhq.org/exceptions/no_such_element.html&#10;Build info: version: &apos;2.53.0&apos;, revision: &apos;35ae25b1534ae328c771e0856c93e187490ca824&apos;, time: &apos;2016-03-15 10:43:46&apos;&#10;System info: host: &apos;SHAJIB&apos;, ip: &apos;192.168.160.2&apos;, os.name: &apos;Windows 10&apos;, os.arch: &apos;amd64&apos;, os.version: &apos;10.0&apos;, java.version: &apos;1.8.0_121&apos;&#10;Driver info: driver.version: unknown" type="org.openqa.selenium.NoSuchElementException">org.openqa.selenium.NoSuchElementException: Timed out after 50 seconds. Element not found
For documentation on this error, please visit: http://seleniumhq.org/exceptions/no_such_element.html
Build info: version: '2.53.0', revision: '35ae25b1534ae328c771e0856c93e187490ca824', time: '2016-03-15 10:43:46'
System info: host: 'SHAJIB', ip: '192.168.160.2', os.name: 'Windows 10', os.arch: 'amd64', os.version: '10.0', java.version: '1.8.0_121'
Driver info: driver.version: unknown
	at net.thucydides.core.annotations.locators.SmartAjaxElementLocator.ajaxFindElement(SmartAjaxElementLocator.java:145)
	at net.thucydides.core.annotations.locators.SmartAjaxElementLocator.findElement(SmartAjaxElementLocator.java:93)
	at net.serenitybdd.core.pages.WebElementFacadeImpl.getElement(WebElementFacadeImpl.java:144)
	at net.serenitybdd.core.pages.WebElementFacadeImpl.sendKeys(WebElementFacadeImpl.java:1040)
	at sun.reflect.NativeMethodAccessorImpl.invoke0(Native Method)
	at sun.reflect.NativeMethodAccessorImpl.invoke(NativeMethodAccessorImpl.java:62)
	at sun.reflect.DelegatingMethodAccessorImpl.invoke(DelegatingMethodAccessorImpl.java:43)
	at java.lang.reflect.Method.invoke(Method.java:498)
	at net.thucydides.core.annotations.locators.AbstractSingleItemHandler.invoke(AbstractSingleItemHandler.java:45)
	at com.sun.proxy.$Proxy28.sendKeys(Unknown Source)
	at net.serenity.bdd.junit.cucumber.pages.BugTrackerLogInPage.performLogIn(BugTrackerLogInPage.java:36)
	at net.serenity.bdd.junit.cucumber.stepDef.BugTrackerStepDef.user_Sing_In_to_Bug_tracker_with_Valid_Credentials(BugTrackerStepDef.java:22)
	at ✽.When User Sing In to Bug tracker with Valid Credentials(BugTrackerApp/ApExBugTracker.feature:4)
</error>
  </testcase>
  <testcase name="Given User is logged in to the Bug Tracker Application As an Admin" classname="Scenario: Admin Add A new User" time="0">
    <skipped/>
  </testcase>
  <testcase name="When Admin Add A New User" classname="Scenario: Admin Add A new User" time="0">
    <skipped/>
  </testcase>
  <testcase name="Then Admin Logout form his account" classname="Scenario: Admin Add A new User" time="0">
    <skipped/>
  </testcase>
  <testcase name="Given User Navigate to the OrangeHRM login Page" classname="Scenario: LogIn" time="0"/>
  <testcase name="When User Login to the Application" classname="Scenario: LogIn" time="0.001"/>
  <testcase name="Then User Should be able to perform Multiple Task" classname="Scenario: LogIn" time="0"/>
  <testcase name="Scenario: LogIn" classname="Scenario: LogIn" time="0.512"/>
  <testcase name="Given User navigate to Simple Web Sheet Login Page" classname="Scenario: Happy Path" time="0"/>
  <testcase name="When User Sing In with Valid user name and valid password" classname="Scenario: Happy Path" time="0.01">
    <error message="Timed out after 50 seconds. Element not found&#10;For documentation on this error, please visit: http://seleniumhq.org/exceptions/no_such_element.html&#10;Build info: version: &apos;2.53.0&apos;, revision: &apos;35ae25b1534ae328c771e0856c93e187490ca824&apos;, time: &apos;2016-03-15 10:43:46&apos;&#10;System info: host: &apos;SHAJIB&apos;, ip: &apos;192.168.160.2&apos;, os.name: &apos;Windows 10&apos;, os.arch: &apos;amd64&apos;, os.version: &apos;10.0&apos;, java.version: &apos;1.8.0_121&apos;&#10;Driver info: driver.version: unknown" type="org.openqa.selenium.NoSuchElementException">org.openqa.selenium.NoSuchElementException: Timed out after 50 seconds. Element not found
For documentation on this error, please visit: http://seleniumhq.org/exceptions/no_such_element.html
Build info: version: '2.53.0', revision: '35ae25b1534ae328c771e0856c93e187490ca824', time: '2016-03-15 10:43:46'
System info: host: 'SHAJIB', ip: '192.168.160.2', os.name: 'Windows 10', os.arch: 'amd64', os.version: '10.0', java.version: '1.8.0_121'
Driver info: driver.version: unknown
	at net.thucydides.core.annotations.locators.SmartAjaxElementLocator.ajaxFindElement(SmartAjaxElementLocator.java:145)
	at net.thucydides.core.annotations.locators.SmartAjaxElementLocator.findElement(SmartAjaxElementLocator.java:93)
	at net.serenitybdd.core.pages.WebElementFacadeImpl.getElement(WebElementFacadeImpl.java:144)
	at net.serenitybdd.core.pages.WebElementFacadeImpl.sendKeys(WebElementFacadeImpl.java:1040)
	at sun.reflect.NativeMethodAccessorImpl.invoke0(Native Method)
	at sun.reflect.NativeMethodAccessorImpl.invoke(NativeMethodAccessorImpl.java:62)
	at sun.reflect.DelegatingMethodAccessorImpl.invoke(DelegatingMethodAccessorImpl.java:43)
	at java.lang.reflect.Method.invoke(Method.java:498)
	at net.thucydides.core.annotations.locators.AbstractSingleItemHandler.invoke(AbstractSingleItemHandler.java:45)
	at com.sun.proxy.$Proxy28.sendKeys(Unknown Source)
	at net.serenity.bdd.junit.cucumber.pages.LoginPage.performLogIn(LoginPage.java:29)
	at net.serenity.bdd.junit.cucumber.stepDef.WebSheetStepDef.user_Sing_In_with_Valid__valid(WebSheetStepDef.java:36)
	at ✽.When User Sing In with Valid user name and valid password(WebSheetApp/ApExWebSheet.feature:4)
</error>
  </testcase>
  <testcase name="Scenario: Happy Path" classname="Scenario: Happy Path" time="0.01">
    <error message="Timed out after 50 seconds. Element not found&#10;For documentation on this error, please visit: http://seleniumhq.org/exceptions/no_such_element.html&#10;Build info: version: &apos;2.53.0&apos;, revision: &apos;35ae25b1534ae328c771e0856c93e187490ca824&apos;, time: &apos;2016-03-15 10:43:46&apos;&#10;System info: host: &apos;SHAJIB&apos;, ip: &apos;192.168.160.2&apos;, os.name: &apos;Windows 10&apos;, os.arch: &apos;amd64&apos;, os.version: &apos;10.0&apos;, java.version: &apos;1.8.0_121&apos;&#10;Driver info: driver.version: unknown" type="org.openqa.selenium.NoSuchElementException">org.openqa.selenium.NoSuchElementException: Timed out after 50 seconds. Element not found
For documentation on this error, please visit: http://seleniumhq.org/exceptions/no_such_element.html
Build info: version: '2.53.0', revision: '35ae25b1534ae328c771e0856c93e187490ca824', time: '2016-03-15 10:43:46'
System info: host: 'SHAJIB', ip: '192.168.160.2', os.name: 'Windows 10', os.arch: 'amd64', os.version: '10.0', java.version: '1.8.0_121'
Driver info: driver.version: unknown
	at net.thucydides.core.annotations.locators.SmartAjaxElementLocator.ajaxFindElement(SmartAjaxElementLocator.java:145)
	at net.thucydides.core.annotations.locators.SmartAjaxElementLocator.findElement(SmartAjaxElementLocator.java:93)
	at net.serenitybdd.core.pages.WebElementFacadeImpl.getElement(WebElementFacadeImpl.java:144)
	at net.serenitybdd.core.pages.WebElementFacadeImpl.sendKeys(WebElementFacadeImpl.java:1040)
	at sun.reflect.NativeMethodAccessorImpl.invoke0(Native Method)
	at sun.reflect.NativeMethodAccessorImpl.invoke(NativeMethodAccessorImpl.java:62)
	at sun.reflect.DelegatingMethodAccessorImpl.invoke(DelegatingMethodAccessorImpl.java:43)
	at java.lang.reflect.Method.invoke(Method.java:498)
	at net.thucydides.core.annotations.locators.AbstractSingleItemHandler.invoke(AbstractSingleItemHandler.java:45)
	at com.sun.proxy.$Proxy28.sendKeys(Unknown Source)
	at net.serenity.bdd.junit.cucumber.pages.LoginPage.performLogIn(LoginPage.java:29)
	at net.serenity.bdd.junit.cucumber.stepDef.WebSheetStepDef.user_Sing_In_with_Valid__valid(WebSheetStepDef.java:36)
	at ✽.When User Sing In with Valid user name and valid password(WebSheetApp/ApExWebSheet.feature:4)
</error>
  </testcase>
  <testcase name="Then User do some administrative work on Dashbord" classname="Scenario: Happy Path" time="0">
    <skipped/>
  </testcase>
</testsuite>